mode: set
oh-my-chat/main.go:12.13,16.16 2 0
oh-my-chat/main.go:16.16,17.35 1 0
oh-my-chat/main.go:20.2,29.17 3 0
oh-my-chat/cmd/ohmychat/run.go:15.15,27.12 7 0
oh-my-chat/cmd/ohmychat/run.go:27.12,31.3 3 0
oh-my-chat/cmd/ohmychat/run.go:33.2,34.12 2 0
oh-my-chat/cmd/ohmychat/run.go:34.12,39.3 4 0
oh-my-chat/cmd/ohmychat/run.go:41.2,41.11 1 0
oh-my-chat/settings/env.go:8.32,11.16 2 0
oh-my-chat/settings/env.go:11.16,12.72 1 0
oh-my-chat/settings/env.go:14.2,14.12 1 0
oh-my-chat/settings/env.go:17.62,20.16 2 0
oh-my-chat/settings/env.go:20.16,22.3 1 0
oh-my-chat/settings/env.go:23.2,23.12 1 0
oh-my-chat/settings/env.go:8.32,11.16 2 0
oh-my-chat/settings/env.go:11.16,12.72 1 0
oh-my-chat/settings/env.go:14.2,14.12 1 0
oh-my-chat/settings/env.go:17.62,20.16 2 0
oh-my-chat/settings/env.go:20.16,22.3 1 0
oh-my-chat/settings/env.go:23.2,23.12 1 0
oh-my-chat/src/actions/http/get_handler.go:37.46,39.2 1 0
oh-my-chat/src/actions/http/get_handler.go:41.68,43.2 1 0
oh-my-chat/src/actions/http/get_handler.go:49.44,51.2 1 0
oh-my-chat/src/actions/http/get_handler.go:53.42,55.2 1 0
oh-my-chat/src/actions/http/get_handler.go:61.67,64.2 2 0
oh-my-chat/src/actions/http/get_handler.go:66.61,68.16 2 0
oh-my-chat/src/actions/http/get_handler.go:68.16,70.3 1 0
oh-my-chat/src/actions/http/get_handler.go:71.2,71.43 1 0
oh-my-chat/src/actions/http/get_handler.go:74.66,86.2 3 0
oh-my-chat/src/actions/http/get_handler.go:97.84,105.20 3 0
oh-my-chat/src/actions/http/get_handler.go:105.20,107.3 1 0
oh-my-chat/src/actions/http/get_handler.go:109.2,113.18 3 0
oh-my-chat/src/actions/http/get_handler.go:113.18,115.3 1 0
oh-my-chat/src/actions/http/get_handler.go:117.2,117.23 1 0
oh-my-chat/src/actions/http/get_handler.go:118.26,119.36 1 0
oh-my-chat/src/actions/http/get_handler.go:120.10,123.51 2 0
oh-my-chat/src/actions/http/get_handler.go:124.10,127.82 2 0
oh-my-chat/src/actions/http/get_handler.go:132.80,138.16 3 0
oh-my-chat/src/actions/http/get_handler.go:138.16,141.3 2 0
oh-my-chat/src/actions/http/get_handler.go:143.2,143.52 1 0
oh-my-chat/src/actions/http/json_response.go:18.92,21.92 1 0
oh-my-chat/src/actions/http/json_response.go:21.92,23.4 1 0
oh-my-chat/src/actions/http/json_response.go:26.2,33.3 1 0
oh-my-chat/src/actions/http/json_response.go:36.90,37.42 1 0
oh-my-chat/src/actions/http/json_response.go:38.21,39.53 1 0
oh-my-chat/src/actions/http/json_response.go:40.15,41.48 1 0
oh-my-chat/src/actions/http/json_response.go:42.16,43.49 1 0
oh-my-chat/src/actions/http/json_response.go:44.14,45.47 1 0
oh-my-chat/src/actions/http/json_response.go:48.2,48.33 1 0
oh-my-chat/src/actions/http/json_response.go:48.33,50.3 1 0
oh-my-chat/src/actions/http/json_response.go:52.2,54.26 2 0
oh-my-chat/src/actions/http/json_response.go:54.26,56.3 1 0
oh-my-chat/src/actions/http/json_response.go:57.2,58.12 2 0
oh-my-chat/src/actions/http/summarize.go:23.41,25.2 1 0
oh-my-chat/src/actions/http/summarize.go:61.36,63.2 1 1
oh-my-chat/src/actions/http/summarize.go:65.37,66.18 1 1
oh-my-chat/src/actions/http/summarize.go:66.18,68.3 1 1
oh-my-chat/src/actions/http/summarize.go:69.2,69.26 1 1
oh-my-chat/src/actions/http/summarize.go:72.36,74.2 1 0
oh-my-chat/src/actions/http/summarize.go:76.92,79.22 2 1
oh-my-chat/src/actions/http/summarize.go:79.22,81.3 1 1
oh-my-chat/src/actions/http/summarize.go:82.2,83.41 2 1
oh-my-chat/src/actions/http/summarize.go:86.98,90.49 3 1
oh-my-chat/src/actions/http/summarize.go:90.49,91.17 1 1
oh-my-chat/src/actions/http/summarize.go:91.17,93.4 1 1
oh-my-chat/src/actions/http/summarize.go:94.3,94.42 1 1
oh-my-chat/src/actions/http/summarize.go:97.2,97.31 1 1
oh-my-chat/src/actions/http/summarize.go:97.31,101.24 3 1
oh-my-chat/src/actions/http/summarize.go:101.24,105.12 4 1
oh-my-chat/src/actions/http/summarize.go:108.3,108.23 1 1
oh-my-chat/src/actions/http/summarize.go:108.23,111.43 2 1
oh-my-chat/src/actions/http/summarize.go:111.43,112.23 1 1
oh-my-chat/src/actions/http/summarize.go:112.23,114.14 2 1
oh-my-chat/src/actions/http/summarize.go:116.5,116.37 1 1
oh-my-chat/src/actions/http/summarize.go:116.37,118.11 2 1
oh-my-chat/src/actions/http/summarize.go:120.5,122.29 3 1
oh-my-chat/src/actions/http/summarize.go:122.29,124.6 1 1
oh-my-chat/src/actions/http/summarize.go:127.4,129.12 3 1
oh-my-chat/src/actions/http/summarize.go:132.3,134.30 3 1
oh-my-chat/src/actions/http/summarize.go:137.2,137.24 1 1
oh-my-chat/src/actions/http/summarize.go:141.49,143.23 2 1
oh-my-chat/src/actions/http/summarize.go:143.23,145.3 1 0
oh-my-chat/src/actions/http/summarize.go:146.2,146.21 1 1
oh-my-chat/src/actions/http/summarize.go:147.71,148.26 1 1
oh-my-chat/src/actions/http/summarize.go:149.10,150.32 1 0
oh-my-chat/src/actions/http/summarize.go:152.2,152.14 1 1
oh-my-chat/src/logger/zap.go:12.26,14.13 1 1
oh-my-chat/src/logger/zap.go:15.20,16.30 1 0
oh-my-chat/src/logger/zap.go:17.17,18.24 1 1
oh-my-chat/src/logger/zap.go:19.10,20.31 1 0
oh-my-chat/src/logger/zap.go:24.38,32.2 6 0
oh-my-chat/src/logger/zap.go:34.37,59.2 5 0
oh-my-chat/src/models/bot.go:30.48,35.2 1 0
oh-my-chat/src/models/bot.go:52.60,57.2 1 0
oh-my-chat/src/models/bot.go:59.47,62.2 2 0
oh-my-chat/src/models/bot.go:64.46,66.2 1 0
oh-my-chat/src/models/bot.go:68.48,70.2 1 0
oh-my-chat/src/models/http.go:31.41,33.2 1 0
oh-my-chat/src/models/message.go:42.40,44.2 1 0
oh-my-chat/src/models/message.go:46.40,48.9 2 0
oh-my-chat/src/models/message.go:48.9,50.3 1 0
oh-my-chat/src/models/message.go:51.2,51.14 1 0
oh-my-chat/src/models/message.go:80.27,86.2 1 0
oh-my-chat/src/utils/func_utils.go:5.53,7.31 2 0
oh-my-chat/src/utils/func_utils.go:7.31,8.16 1 0
oh-my-chat/src/utils/func_utils.go:8.16,10.4 1 0
oh-my-chat/src/utils/func_utils.go:13.2,13.15 1 0
oh-my-chat/src/utils/func_utils.go:17.51,18.31 1 0
oh-my-chat/src/utils/func_utils.go:18.31,19.16 1 0
oh-my-chat/src/utils/func_utils.go:19.16,21.4 1 0
oh-my-chat/src/utils/func_utils.go:23.2,23.14 1 0
oh-my-chat/src/utils/func_utils.go:26.56,28.32 2 0
oh-my-chat/src/utils/func_utils.go:28.32,30.3 1 0
oh-my-chat/src/utils/func_utils.go:32.2,32.17 1 0
oh-my-chat/src/utils/func_utils.go:35.52,38.2 2 0
oh-my-chat/src/utils/func_utils.go:40.57,41.38 1 0
oh-my-chat/src/utils/func_utils.go:41.38,43.3 1 0
oh-my-chat/src/utils/func_utils.go:44.2,44.14 1 0
oh-my-chat/src/utils/parse_tags.go:8.30,11.31 2 0
oh-my-chat/src/utils/parse_tags.go:11.31,13.3 1 0
oh-my-chat/src/utils/parse_tags.go:14.2,14.28 1 0
oh-my-chat/src/utils/parse_tags.go:17.50,19.18 1 0
oh-my-chat/src/utils/parse_tags.go:20.20,21.31 1 0
oh-my-chat/src/utils/parse_tags.go:23.78,24.30 1 0
oh-my-chat/src/utils/parse_tags.go:26.40,27.34 1 0
oh-my-chat/src/utils/parse_tags.go:29.19,30.41 1 0
oh-my-chat/src/utils/parse_tags.go:32.10,33.24 1 0
oh-my-chat/src/utils/parse_tags.go:38.42,40.31 2 0
oh-my-chat/src/utils/parse_tags.go:40.31,41.30 1 0
oh-my-chat/src/utils/parse_tags.go:42.15,43.42 1 0
oh-my-chat/src/utils/parse_tags.go:44.32,45.59 1 0
oh-my-chat/src/utils/parse_tags.go:46.25,47.63 1 0
oh-my-chat/src/utils/parse_tags.go:48.13,49.60 1 0
oh-my-chat/src/utils/parse_tags.go:50.11,50.11 0 0
oh-my-chat/src/utils/parse_tags.go:54.2,54.20 1 0
oh-my-chat/src/utils/parse_tags.go:57.48,59.29 2 0
oh-my-chat/src/utils/parse_tags.go:59.29,62.3 2 0
oh-my-chat/src/utils/parse_tags.go:63.2,63.10 1 0
oh-my-chat/src/utils/parse_tags.go:66.32,66.62 1 0
oh-my-chat/src/utils/parse_tags.go:68.36,68.86 1 0
oh-my-chat/src/utils/parse_tags.go:70.33,70.69 1 0
oh-my-chat/src/utils/strings.go:9.40,11.2 1 1
oh-my-chat/src/utils/strings.go:13.41,15.2 1 1
oh-my-chat/src/utils/strings.go:17.61,18.20 1 1
oh-my-chat/src/utils/strings.go:18.20,20.3 1 1
oh-my-chat/src/utils/strings.go:22.2,23.10 2 1
oh-my-chat/src/utils/strings.go:28.58,30.2 1 0
oh-my-chat/src/utils/strings.go:32.87,34.29 2 0
oh-my-chat/src/utils/strings.go:34.29,37.3 2 0
oh-my-chat/src/utils/strings.go:38.2,38.14 1 0
oh-my-chat/src/connector/telegram/connector.go:21.73,24.16 2 0
oh-my-chat/src/connector/telegram/connector.go:24.16,26.3 1 0
oh-my-chat/src/connector/telegram/connector.go:28.2,28.39 1 0
oh-my-chat/src/connector/telegram/connector.go:32.78,38.16 4 0
oh-my-chat/src/connector/telegram/connector.go:38.16,45.3 2 0
oh-my-chat/src/connector/telegram/connector.go:47.2,51.6 3 0
oh-my-chat/src/connector/telegram/connector.go:51.6,52.10 1 0
oh-my-chat/src/connector/telegram/connector.go:53.28,57.29 2 0
oh-my-chat/src/connector/telegram/connector.go:57.29,59.5 1 0
oh-my-chat/src/connector/telegram/connector.go:61.4,61.33 1 0
oh-my-chat/src/connector/telegram/connector.go:61.33,63.5 1 0
oh-my-chat/src/connector/telegram/connector.go:65.4,65.35 1 0
oh-my-chat/src/connector/telegram/connector.go:65.35,68.5 2 0
oh-my-chat/src/connector/telegram/connector.go:70.4,70.16 1 0
oh-my-chat/src/connector/telegram/connector.go:70.16,71.13 1 0
oh-my-chat/src/connector/telegram/connector.go:74.4,84.20 10 0
oh-my-chat/src/connector/telegram/connector.go:86.21,91.10 2 0
oh-my-chat/src/connector/telegram/connector.go:96.53,98.18 2 0
oh-my-chat/src/connector/telegram/connector.go:98.18,106.3 2 0
oh-my-chat/src/connector/telegram/connector.go:108.2,112.16 4 0
oh-my-chat/src/connector/telegram/connector.go:112.16,115.3 1 0
oh-my-chat/src/connector/telegram/connector.go:118.96,119.30 1 0
oh-my-chat/src/connector/telegram/connector.go:120.29,121.93 1 0
oh-my-chat/src/connector/telegram/connector.go:121.93,123.4 1 0
oh-my-chat/src/connector/telegram/connector.go:124.3,125.37 2 0
oh-my-chat/src/connector/telegram/connector.go:126.10,126.10 0 0
oh-my-chat/src/app/app.go:23.42,28.16 3 0
oh-my-chat/src/app/app.go:28.16,30.3 1 0
oh-my-chat/src/app/app.go:32.2,39.47 5 0
oh-my-chat/src/app/app.go:39.47,43.3 1 0
oh-my-chat/src/app/app.go:45.2,61.12 7 0
oh-my-chat/src/app/app.go:61.12,65.3 3 0
oh-my-chat/src/app/app.go:67.2,69.24 2 0
oh-my-chat/src/app/app.go:69.24,71.13 2 0
oh-my-chat/src/app/app.go:71.13,74.4 2 0
oh-my-chat/src/app/app.go:77.2,77.27 1 0
oh-my-chat/src/app/app.go:77.27,79.13 2 0
oh-my-chat/src/app/app.go:79.13,82.4 2 0
oh-my-chat/src/app/app.go:85.2,86.12 2 0
oh-my-chat/src/app/app.go:86.12,89.3 2 0
oh-my-chat/src/app/app.go:91.2,92.12 2 0
oh-my-chat/src/app/app.go:92.12,95.3 2 0
oh-my-chat/src/app/app.go:97.2,98.12 2 0
oh-my-chat/src/app/app.go:98.12,101.3 2 0
oh-my-chat/src/app/app.go:103.2,103.11 1 0
oh-my-chat/settings/env.go:8.32,11.16 2 0
oh-my-chat/settings/env.go:11.16,12.72 1 0
oh-my-chat/settings/env.go:14.2,14.12 1 0
oh-my-chat/settings/env.go:17.62,20.16 2 0
oh-my-chat/settings/env.go:20.16,22.3 1 0
oh-my-chat/settings/env.go:23.2,23.12 1 0
oh-my-chat/src/api/api.go:19.36,23.2 1 1
oh-my-chat/src/api/api.go:25.73,35.12 4 0
oh-my-chat/src/api/api.go:35.12,37.48 2 0
oh-my-chat/src/api/api.go:37.48,40.4 2 0
oh-my-chat/src/api/api.go:43.2,43.12 1 0
oh-my-chat/src/api/api.go:43.12,49.17 5 0
oh-my-chat/src/api/api.go:49.17,51.4 1 0
oh-my-chat/src/api/api.go:53.3,55.20 3 0
oh-my-chat/src/api/api.go:59.2,61.37 3 0
oh-my-chat/src/api/preview.go:22.34,26.2 1 1
oh-my-chat/src/api/preview.go:28.75,34.18 4 1
oh-my-chat/src/api/preview.go:34.18,38.3 3 0
oh-my-chat/src/api/preview.go:40.2,45.16 4 1
oh-my-chat/src/api/preview.go:46.13,49.17 3 1
oh-my-chat/src/api/preview.go:49.17,54.4 4 0
oh-my-chat/src/api/preview.go:56.3,59.17 3 1
oh-my-chat/src/api/preview.go:59.17,64.4 4 0
oh-my-chat/src/api/preview.go:66.3,67.17 2 1
oh-my-chat/src/api/preview.go:67.17,72.4 4 0
oh-my-chat/src/api/preview.go:74.3,76.9 3 1
oh-my-chat/src/api/preview.go:77.14,79.54 2 0
oh-my-chat/src/api/preview.go:80.10,82.65 2 0
oh-my-chat/src/api/preview.go:87.66,91.16 4 1
oh-my-chat/src/api/preview.go:91.16,93.3 1 0
oh-my-chat/src/api/preview.go:95.2,95.15 1 1
oh-my-chat/src/api/router.go:5.53,11.2 3 0
oh-my-chat/src/logger/zap.go:12.26,14.13 1 1
oh-my-chat/src/logger/zap.go:15.20,16.30 1 0
oh-my-chat/src/logger/zap.go:17.17,18.24 1 1
oh-my-chat/src/logger/zap.go:19.10,20.31 1 0
oh-my-chat/src/logger/zap.go:24.38,32.2 6 0
oh-my-chat/src/logger/zap.go:34.37,59.2 5 0
oh-my-chat/src/models/bot.go:30.48,35.2 1 0
oh-my-chat/src/models/bot.go:52.60,57.2 1 0
oh-my-chat/src/models/bot.go:59.47,62.2 2 0
oh-my-chat/src/models/bot.go:64.46,66.2 1 0
oh-my-chat/src/models/bot.go:68.48,70.2 1 0
oh-my-chat/src/models/http.go:31.41,33.2 1 0
oh-my-chat/src/models/message.go:42.40,44.2 1 0
oh-my-chat/src/models/message.go:46.40,48.9 2 0
oh-my-chat/src/models/message.go:48.9,50.3 1 0
oh-my-chat/src/models/message.go:51.2,51.14 1 0
oh-my-chat/src/models/message.go:80.27,86.2 1 1
oh-my-chat/src/utils/func_utils.go:5.53,7.31 2 0
oh-my-chat/src/utils/func_utils.go:7.31,8.16 1 0
oh-my-chat/src/utils/func_utils.go:8.16,10.4 1 0
oh-my-chat/src/utils/func_utils.go:13.2,13.15 1 0
oh-my-chat/src/utils/func_utils.go:17.51,18.31 1 0
oh-my-chat/src/utils/func_utils.go:18.31,19.16 1 0
oh-my-chat/src/utils/func_utils.go:19.16,21.4 1 0
oh-my-chat/src/utils/func_utils.go:23.2,23.14 1 0
oh-my-chat/src/utils/func_utils.go:26.56,28.32 2 1
oh-my-chat/src/utils/func_utils.go:28.32,30.3 1 1
oh-my-chat/src/utils/func_utils.go:32.2,32.17 1 1
oh-my-chat/src/utils/func_utils.go:35.52,38.2 2 0
oh-my-chat/src/utils/func_utils.go:40.57,41.38 1 0
oh-my-chat/src/utils/func_utils.go:41.38,43.3 1 0
oh-my-chat/src/utils/func_utils.go:44.2,44.14 1 0
oh-my-chat/src/utils/parse_tags.go:8.30,11.31 2 0
oh-my-chat/src/utils/parse_tags.go:11.31,13.3 1 0
oh-my-chat/src/utils/parse_tags.go:14.2,14.28 1 0
oh-my-chat/src/utils/parse_tags.go:17.50,19.18 1 0
oh-my-chat/src/utils/parse_tags.go:20.20,21.31 1 0
oh-my-chat/src/utils/parse_tags.go:23.78,24.30 1 0
oh-my-chat/src/utils/parse_tags.go:26.40,27.34 1 0
oh-my-chat/src/utils/parse_tags.go:29.19,30.41 1 0
oh-my-chat/src/utils/parse_tags.go:32.10,33.24 1 0
oh-my-chat/src/utils/parse_tags.go:38.42,40.31 2 0
oh-my-chat/src/utils/parse_tags.go:40.31,41.30 1 0
oh-my-chat/src/utils/parse_tags.go:42.15,43.42 1 0
oh-my-chat/src/utils/parse_tags.go:44.32,45.59 1 0
oh-my-chat/src/utils/parse_tags.go:46.25,47.63 1 0
oh-my-chat/src/utils/parse_tags.go:48.13,49.60 1 0
oh-my-chat/src/utils/parse_tags.go:50.11,50.11 0 0
oh-my-chat/src/utils/parse_tags.go:54.2,54.20 1 0
oh-my-chat/src/utils/parse_tags.go:57.48,59.29 2 0
oh-my-chat/src/utils/parse_tags.go:59.29,62.3 2 0
oh-my-chat/src/utils/parse_tags.go:63.2,63.10 1 0
oh-my-chat/src/utils/parse_tags.go:66.32,66.62 1 0
oh-my-chat/src/utils/parse_tags.go:68.36,68.86 1 0
oh-my-chat/src/utils/parse_tags.go:70.33,70.69 1 0
oh-my-chat/src/utils/strings.go:9.40,11.2 1 1
oh-my-chat/src/utils/strings.go:13.41,15.2 1 1
oh-my-chat/src/utils/strings.go:17.61,18.20 1 1
oh-my-chat/src/utils/strings.go:18.20,20.3 1 1
oh-my-chat/src/utils/strings.go:22.2,23.10 2 1
oh-my-chat/src/utils/strings.go:28.58,30.2 1 0
oh-my-chat/src/utils/strings.go:32.87,34.29 2 0
oh-my-chat/src/utils/strings.go:34.29,37.3 2 0
oh-my-chat/src/utils/strings.go:38.2,38.14 1 0
oh-my-chat/settings/env.go:8.32,11.16 2 0
oh-my-chat/settings/env.go:11.16,12.72 1 0
oh-my-chat/settings/env.go:14.2,14.12 1 0
oh-my-chat/settings/env.go:17.62,20.16 2 0
oh-my-chat/settings/env.go:20.16,22.3 1 0
oh-my-chat/settings/env.go:23.2,23.12 1 0
oh-my-chat/src/connector/cli/bot.go:14.68,18.30 2 1
oh-my-chat/src/connector/cli/bot.go:18.30,19.33 1 1
oh-my-chat/src/connector/cli/bot.go:22.2,22.67 1 1
oh-my-chat/src/connector/cli/bot.go:22.67,23.17 1 0
oh-my-chat/src/connector/cli/bot.go:23.17,26.4 2 0
oh-my-chat/src/connector/cli/bot.go:27.3,27.46 1 0
oh-my-chat/src/connector/cli/bot.go:30.2,30.12 1 1
oh-my-chat/src/connector/cli/bot.go:30.12,31.55 1 1
oh-my-chat/src/connector/cli/bot.go:31.55,40.4 1 0
oh-my-chat/src/connector/cli/bot.go:41.3,41.14 1 1
oh-my-chat/src/connector/cli/bot.go:44.2,49.33 2 1
oh-my-chat/src/connector/cli/bot.go:49.33,51.4 1 0
oh-my-chat/src/connector/cli/bot.go:54.2,54.15 1 1
oh-my-chat/src/connector/cli/bot.go:57.38,59.2 1 1
oh-my-chat/src/connector/cli/bot.go:70.39,72.2 1 1
oh-my-chat/src/connector/cli/bot.go:94.51,104.2 1 1
oh-my-chat/src/connector/cli/bot.go:106.37,108.2 1 1
oh-my-chat/src/connector/cli/bot.go:110.49,116.6 4 1
oh-my-chat/src/connector/cli/bot.go:116.6,117.10 1 1
oh-my-chat/src/connector/cli/bot.go:119.43,120.10 1 1
oh-my-chat/src/connector/cli/bot.go:120.10,123.10 3 1
oh-my-chat/src/connector/cli/bot.go:125.11,126.19 1 1
oh-my-chat/src/connector/cli/bot.go:126.19,127.13 1 1
oh-my-chat/src/connector/cli/bot.go:129.4,135.19 5 1
oh-my-chat/src/connector/cli/bot.go:135.19,136.13 1 0
oh-my-chat/src/connector/cli/bot.go:139.4,139.23 1 1
oh-my-chat/src/connector/cli/bot.go:139.23,142.5 2 1
oh-my-chat/src/connector/cli/bot.go:143.4,143.26 1 1
oh-my-chat/src/connector/cli/bot.go:149.53,152.12 2 1
oh-my-chat/src/connector/cli/bot.go:152.12,153.7 1 1
oh-my-chat/src/connector/cli/bot.go:153.7,154.11 1 1
oh-my-chat/src/connector/cli/bot.go:155.31,156.14 1 1
oh-my-chat/src/connector/cli/bot.go:157.36,167.6 1 0
oh-my-chat/src/connector/cli/bot.go:173.2,173.11 1 1
oh-my-chat/src/connector/cli/bot.go:176.43,178.2 1 1
oh-my-chat/src/connector/cli/bot.go:180.49,182.22 1 1
oh-my-chat/src/connector/cli/bot.go:182.22,185.3 2 1
oh-my-chat/src/connector/cli/bot.go:187.2,187.29 1 1
oh-my-chat/src/connector/cli/bot.go:187.29,190.3 2 1
oh-my-chat/src/connector/cli/bot.go:192.2,193.29 2 1
oh-my-chat/src/connector/cli/bot.go:193.29,195.3 1 1
oh-my-chat/src/connector/cli/connector.go:23.68,27.2 3 0
oh-my-chat/src/connector/cli/connector.go:29.84,33.6 2 1
oh-my-chat/src/connector/cli/connector.go:33.6,34.10 1 1
oh-my-chat/src/connector/cli/connector.go:35.21,37.10 2 1
oh-my-chat/src/connector/cli/connector.go:38.32,39.11 1 1
oh-my-chat/src/connector/cli/connector.go:39.11,40.13 1 1
oh-my-chat/src/connector/cli/connector.go:42.4,52.20 10 1
oh-my-chat/src/connector/cli/connector.go:54.11,54.11 0 1
oh-my-chat/src/connector/cli/connector.go:60.59,64.30 3 1
oh-my-chat/src/connector/cli/connector.go:65.29,66.70 1 1
oh-my-chat/src/connector/cli/connector.go:66.70,68.4 1 1
oh-my-chat/src/connector/cli/connector.go:69.3,69.35 1 1
oh-my-chat/src/connector/cli/connector.go:70.10,70.10 0 1
oh-my-chat/src/connector/cli/connector.go:73.2,73.33 1 1
oh-my-chat/src/logger/zap.go:12.26,14.13 1 1
oh-my-chat/src/logger/zap.go:15.20,16.30 1 0
oh-my-chat/src/logger/zap.go:17.17,18.24 1 1
oh-my-chat/src/logger/zap.go:19.10,20.31 1 0
oh-my-chat/src/logger/zap.go:24.38,32.2 6 0
oh-my-chat/src/logger/zap.go:34.37,59.2 5 0
oh-my-chat/src/models/bot.go:30.48,35.2 1 0
oh-my-chat/src/models/bot.go:52.60,57.2 1 0
oh-my-chat/src/models/bot.go:59.47,62.2 2 0
oh-my-chat/src/models/bot.go:64.46,66.2 1 0
oh-my-chat/src/models/bot.go:68.48,70.2 1 0
oh-my-chat/src/models/http.go:31.41,33.2 1 0
oh-my-chat/src/models/message.go:42.40,44.2 1 0
oh-my-chat/src/models/message.go:46.40,48.9 2 0
oh-my-chat/src/models/message.go:48.9,50.3 1 0
oh-my-chat/src/models/message.go:51.2,51.14 1 0
oh-my-chat/src/models/message.go:80.27,86.2 1 1
oh-my-chat/src/utils/func_utils.go:5.53,7.31 2 0
oh-my-chat/src/utils/func_utils.go:7.31,8.16 1 0
oh-my-chat/src/utils/func_utils.go:8.16,10.4 1 0
oh-my-chat/src/utils/func_utils.go:13.2,13.15 1 0
oh-my-chat/src/utils/func_utils.go:17.51,18.31 1 0
oh-my-chat/src/utils/func_utils.go:18.31,19.16 1 0
oh-my-chat/src/utils/func_utils.go:19.16,21.4 1 0
oh-my-chat/src/utils/func_utils.go:23.2,23.14 1 0
oh-my-chat/src/utils/func_utils.go:26.56,28.32 2 1
oh-my-chat/src/utils/func_utils.go:28.32,30.3 1 1
oh-my-chat/src/utils/func_utils.go:32.2,32.17 1 1
oh-my-chat/src/utils/func_utils.go:35.52,38.2 2 0
oh-my-chat/src/utils/func_utils.go:40.57,41.38 1 0
oh-my-chat/src/utils/func_utils.go:41.38,43.3 1 0
oh-my-chat/src/utils/func_utils.go:44.2,44.14 1 0
oh-my-chat/src/utils/parse_tags.go:8.30,11.31 2 0
oh-my-chat/src/utils/parse_tags.go:11.31,13.3 1 0
oh-my-chat/src/utils/parse_tags.go:14.2,14.28 1 0
oh-my-chat/src/utils/parse_tags.go:17.50,19.18 1 0
oh-my-chat/src/utils/parse_tags.go:20.20,21.31 1 0
oh-my-chat/src/utils/parse_tags.go:23.78,24.30 1 0
oh-my-chat/src/utils/parse_tags.go:26.40,27.34 1 0
oh-my-chat/src/utils/parse_tags.go:29.19,30.41 1 0
oh-my-chat/src/utils/parse_tags.go:32.10,33.24 1 0
oh-my-chat/src/utils/parse_tags.go:38.42,40.31 2 0
oh-my-chat/src/utils/parse_tags.go:40.31,41.30 1 0
oh-my-chat/src/utils/parse_tags.go:42.15,43.42 1 0
oh-my-chat/src/utils/parse_tags.go:44.32,45.59 1 0
oh-my-chat/src/utils/parse_tags.go:46.25,47.63 1 0
oh-my-chat/src/utils/parse_tags.go:48.13,49.60 1 0
oh-my-chat/src/utils/parse_tags.go:50.11,50.11 0 0
oh-my-chat/src/utils/parse_tags.go:54.2,54.20 1 0
oh-my-chat/src/utils/parse_tags.go:57.48,59.29 2 0
oh-my-chat/src/utils/parse_tags.go:59.29,62.3 2 0
oh-my-chat/src/utils/parse_tags.go:63.2,63.10 1 0
oh-my-chat/src/utils/parse_tags.go:66.32,66.62 1 0
oh-my-chat/src/utils/parse_tags.go:68.36,68.86 1 0
oh-my-chat/src/utils/parse_tags.go:70.33,70.69 1 0
oh-my-chat/src/utils/strings.go:9.40,11.2 1 0
oh-my-chat/src/utils/strings.go:13.41,15.2 1 0
oh-my-chat/src/utils/strings.go:17.61,18.20 1 0
oh-my-chat/src/utils/strings.go:18.20,20.3 1 0
oh-my-chat/src/utils/strings.go:22.2,23.10 2 0
oh-my-chat/src/utils/strings.go:28.58,30.2 1 0
oh-my-chat/src/utils/strings.go:32.87,34.29 2 0
oh-my-chat/src/utils/strings.go:34.29,37.3 2 0
oh-my-chat/src/utils/strings.go:38.2,38.14 1 0
oh-my-chat/src/models/bot.go:30.48,35.2 1 0
oh-my-chat/src/models/bot.go:52.60,57.2 1 0
oh-my-chat/src/models/bot.go:59.47,62.2 2 0
oh-my-chat/src/models/bot.go:64.46,66.2 1 0
oh-my-chat/src/models/bot.go:68.48,70.2 1 0
oh-my-chat/src/models/http.go:31.41,33.2 1 0
oh-my-chat/src/models/message.go:42.40,44.2 1 0
oh-my-chat/src/models/message.go:46.40,48.9 2 0
oh-my-chat/src/models/message.go:48.9,50.3 1 0
oh-my-chat/src/models/message.go:51.2,51.14 1 0
oh-my-chat/src/models/message.go:80.27,86.2 1 0
oh-my-chat/src/logger/zap.go:12.26,14.13 1 0
oh-my-chat/src/logger/zap.go:15.20,16.30 1 0
oh-my-chat/src/logger/zap.go:17.17,18.24 1 0
oh-my-chat/src/logger/zap.go:19.10,20.31 1 0
oh-my-chat/src/logger/zap.go:24.38,32.2 6 0
oh-my-chat/src/logger/zap.go:34.37,59.2 5 0
oh-my-chat/src/storage/local_file_repository.go:21.51,25.2 1 0
oh-my-chat/src/storage/local_file_repository.go:27.92,38.80 4 0
oh-my-chat/src/storage/local_file_repository.go:38.80,39.17 1 0
oh-my-chat/src/storage/local_file_repository.go:39.17,42.4 2 0
oh-my-chat/src/storage/local_file_repository.go:44.3,44.26 1 0
oh-my-chat/src/storage/local_file_repository.go:44.26,47.4 2 0
oh-my-chat/src/storage/local_file_repository.go:48.3,48.13 1 0
oh-my-chat/src/storage/local_file_repository.go:51.2,51.22 1 0
oh-my-chat/src/storage/local_file_repository.go:51.22,54.3 2 0
oh-my-chat/src/storage/local_file_repository.go:56.2,58.16 2 0
oh-my-chat/src/storage/local_file_repository.go:58.16,61.3 2 0
oh-my-chat/src/storage/local_file_repository.go:63.2,65.49 2 0
oh-my-chat/src/storage/local_file_repository.go:65.49,68.3 2 0
oh-my-chat/src/storage/local_file_repository.go:70.2,72.16 2 0
oh-my-chat/src/storage/local_file_repository.go:72.16,75.3 2 0
oh-my-chat/src/storage/local_file_repository.go:77.2,77.18 1 0
oh-my-chat/src/storage/action/queue.go:14.36,18.2 1 0
oh-my-chat/src/storage/action/queue.go:20.64,24.2 3 0
oh-my-chat/src/storage/action/queue.go:26.62,27.25 1 0
oh-my-chat/src/storage/action/queue.go:27.25,29.3 1 0
oh-my-chat/src/storage/action/queue.go:30.2,35.25 5 0
oh-my-chat/src/storage/chat/chatbot_memory_repository.go:14.72,19.9 4 0
oh-my-chat/src/storage/chat/chatbot_memory_repository.go:19.9,21.3 1 0
oh-my-chat/src/storage/chat/chatbot_memory_repository.go:22.2,22.16 1 0
oh-my-chat/src/storage/chat/chatbot_memory_repository.go:25.70,31.29 4 0
oh-my-chat/src/storage/chat/chatbot_memory_repository.go:31.29,33.3 1 0
oh-my-chat/src/storage/chat/chatbot_memory_repository.go:35.2,35.19 1 0
oh-my-chat/src/storage/chat/chatbot_memory_repository.go:38.48,54.2 1 0
oh-my-chat/src/storage/chat/database.go:15.70,16.21 1 0
oh-my-chat/src/storage/chat/database.go:17.16,18.37 1 0
oh-my-chat/src/storage/chat/database.go:21.2,21.54 1 0
oh-my-chat/src/utils/func_utils.go:5.53,7.31 2 0
oh-my-chat/src/utils/func_utils.go:7.31,8.16 1 0
oh-my-chat/src/utils/func_utils.go:8.16,10.4 1 0
oh-my-chat/src/utils/func_utils.go:13.2,13.15 1 0
oh-my-chat/src/utils/func_utils.go:17.51,18.31 1 0
oh-my-chat/src/utils/func_utils.go:18.31,19.16 1 0
oh-my-chat/src/utils/func_utils.go:19.16,21.4 1 0
oh-my-chat/src/utils/func_utils.go:23.2,23.14 1 0
oh-my-chat/src/utils/func_utils.go:26.56,28.32 2 0
oh-my-chat/src/utils/func_utils.go:28.32,30.3 1 0
oh-my-chat/src/utils/func_utils.go:32.2,32.17 1 0
oh-my-chat/src/utils/func_utils.go:35.52,38.2 2 0
oh-my-chat/src/utils/func_utils.go:40.57,41.38 1 0
oh-my-chat/src/utils/func_utils.go:41.38,43.3 1 0
oh-my-chat/src/utils/func_utils.go:44.2,44.14 1 0
oh-my-chat/src/utils/parse_tags.go:8.30,11.31 2 0
oh-my-chat/src/utils/parse_tags.go:11.31,13.3 1 0
oh-my-chat/src/utils/parse_tags.go:14.2,14.28 1 0
oh-my-chat/src/utils/parse_tags.go:17.50,19.18 1 0
oh-my-chat/src/utils/parse_tags.go:20.20,21.31 1 0
oh-my-chat/src/utils/parse_tags.go:23.78,24.30 1 0
oh-my-chat/src/utils/parse_tags.go:26.40,27.34 1 0
oh-my-chat/src/utils/parse_tags.go:29.19,30.41 1 0
oh-my-chat/src/utils/parse_tags.go:32.10,33.24 1 0
oh-my-chat/src/utils/parse_tags.go:38.42,40.31 2 0
oh-my-chat/src/utils/parse_tags.go:40.31,41.30 1 0
oh-my-chat/src/utils/parse_tags.go:42.15,43.42 1 0
oh-my-chat/src/utils/parse_tags.go:44.32,45.59 1 0
oh-my-chat/src/utils/parse_tags.go:46.25,47.63 1 0
oh-my-chat/src/utils/parse_tags.go:48.13,49.60 1 0
oh-my-chat/src/utils/parse_tags.go:50.11,50.11 0 0
oh-my-chat/src/utils/parse_tags.go:54.2,54.20 1 0
oh-my-chat/src/utils/parse_tags.go:57.48,59.29 2 0
oh-my-chat/src/utils/parse_tags.go:59.29,62.3 2 0
oh-my-chat/src/utils/parse_tags.go:63.2,63.10 1 0
oh-my-chat/src/utils/parse_tags.go:66.32,66.62 1 0
oh-my-chat/src/utils/parse_tags.go:68.36,68.86 1 0
oh-my-chat/src/utils/parse_tags.go:70.33,70.69 1 0
oh-my-chat/src/utils/strings.go:9.40,11.2 1 0
oh-my-chat/src/utils/strings.go:13.41,15.2 1 0
oh-my-chat/src/utils/strings.go:17.61,18.20 1 0
oh-my-chat/src/utils/strings.go:18.20,20.3 1 0
oh-my-chat/src/utils/strings.go:22.2,23.10 2 0
oh-my-chat/src/utils/strings.go:28.58,30.2 1 0
oh-my-chat/src/utils/strings.go:32.87,34.29 2 0
oh-my-chat/src/utils/strings.go:34.29,37.3 2 0
oh-my-chat/src/utils/strings.go:38.2,38.14 1 0
oh-my-chat/settings/env.go:8.32,11.16 2 0
oh-my-chat/settings/env.go:11.16,12.72 1 0
oh-my-chat/settings/env.go:14.2,14.12 1 0
oh-my-chat/settings/env.go:17.62,20.16 2 0
oh-my-chat/settings/env.go:20.16,22.3 1 0
oh-my-chat/settings/env.go:23.2,23.12 1 0
oh-my-chat/src/connector/telegram/connector.go:21.73,24.16 2 0
oh-my-chat/src/connector/telegram/connector.go:24.16,26.3 1 0
oh-my-chat/src/connector/telegram/connector.go:28.2,28.39 1 0
oh-my-chat/src/connector/telegram/connector.go:32.78,38.16 4 0
oh-my-chat/src/connector/telegram/connector.go:38.16,45.3 2 0
oh-my-chat/src/connector/telegram/connector.go:47.2,51.6 3 0
oh-my-chat/src/connector/telegram/connector.go:51.6,52.10 1 0
oh-my-chat/src/connector/telegram/connector.go:53.28,57.29 2 0
oh-my-chat/src/connector/telegram/connector.go:57.29,59.5 1 0
oh-my-chat/src/connector/telegram/connector.go:61.4,61.33 1 0
oh-my-chat/src/connector/telegram/connector.go:61.33,63.5 1 0
oh-my-chat/src/connector/telegram/connector.go:65.4,65.35 1 0
oh-my-chat/src/connector/telegram/connector.go:65.35,68.5 2 0
oh-my-chat/src/connector/telegram/connector.go:70.4,70.16 1 0
oh-my-chat/src/connector/telegram/connector.go:70.16,71.13 1 0
oh-my-chat/src/connector/telegram/connector.go:74.4,84.20 10 0
oh-my-chat/src/connector/telegram/connector.go:86.21,91.10 2 0
oh-my-chat/src/connector/telegram/connector.go:96.53,98.18 2 0
oh-my-chat/src/connector/telegram/connector.go:98.18,106.3 2 0
oh-my-chat/src/connector/telegram/connector.go:108.2,112.16 4 0
oh-my-chat/src/connector/telegram/connector.go:112.16,115.3 1 0
oh-my-chat/src/connector/telegram/connector.go:118.96,119.30 1 0
oh-my-chat/src/connector/telegram/connector.go:120.29,121.93 1 0
oh-my-chat/src/connector/telegram/connector.go:121.93,123.4 1 0
oh-my-chat/src/connector/telegram/connector.go:124.3,125.37 2 0
oh-my-chat/src/connector/telegram/connector.go:126.10,126.10 0 0
oh-my-chat/src/logger/zap.go:12.26,14.13 1 0
oh-my-chat/src/logger/zap.go:15.20,16.30 1 0
oh-my-chat/src/logger/zap.go:17.17,18.24 1 0
oh-my-chat/src/logger/zap.go:19.10,20.31 1 0
oh-my-chat/src/logger/zap.go:24.38,32.2 6 0
oh-my-chat/src/logger/zap.go:34.37,59.2 5 0
oh-my-chat/src/models/bot.go:30.48,35.2 1 0
oh-my-chat/src/models/bot.go:52.60,57.2 1 0
oh-my-chat/src/models/bot.go:59.47,62.2 2 0
oh-my-chat/src/models/bot.go:64.46,66.2 1 0
oh-my-chat/src/models/bot.go:68.48,70.2 1 0
oh-my-chat/src/models/http.go:31.41,33.2 1 0
oh-my-chat/src/models/message.go:42.40,44.2 1 0
oh-my-chat/src/models/message.go:46.40,48.9 2 0
oh-my-chat/src/models/message.go:48.9,50.3 1 0
oh-my-chat/src/models/message.go:51.2,51.14 1 0
oh-my-chat/src/models/message.go:80.27,86.2 1 0
oh-my-chat/src/schemas/schemas.go:12.82,15.33 2 0
oh-my-chat/src/schemas/schemas.go:15.33,16.41 1 0
oh-my-chat/src/schemas/schemas.go:16.41,20.18 2 0
oh-my-chat/src/schemas/schemas.go:20.18,22.5 1 0
oh-my-chat/src/schemas/schemas.go:24.4,24.26 1 0
oh-my-chat/src/schemas/schemas.go:24.26,26.5 1 0
oh-my-chat/src/schemas/schemas.go:28.4,29.21 2 0
oh-my-chat/src/schemas/schemas.go:33.2,33.18 1 0
oh-my-chat/src/schemas/schemas.go:39.78,42.56 2 1
oh-my-chat/src/schemas/schemas.go:42.56,44.4 1 0
oh-my-chat/src/schemas/schemas.go:46.3,48.43 2 1
oh-my-chat/src/schemas/schemas.go:53.67,55.18 1 1
oh-my-chat/src/schemas/schemas.go:55.18,58.3 1 0
oh-my-chat/src/schemas/schemas.go:60.2,61.9 2 1
oh-my-chat/src/schemas/schemas.go:61.9,63.3 1 1
oh-my-chat/src/schemas/schemas.go:65.2,65.41 1 1
oh-my-chat/src/schemas/schemas.go:66.22,68.17 2 1
oh-my-chat/src/schemas/schemas.go:68.17,70.4 1 0
oh-my-chat/src/schemas/schemas.go:71.3,71.21 1 1
oh-my-chat/src/schemas/schemas.go:73.10,74.70 1 0
oh-my-chat/src/schemas/schemas.go:79.71,82.16 2 1
oh-my-chat/src/schemas/schemas.go:82.16,84.3 1 0
oh-my-chat/src/schemas/schemas.go:86.2,86.50 1 1
oh-my-chat/src/schemas/schemas.go:86.50,88.3 1 0
oh-my-chat/src/schemas/schemas.go:90.2,90.12 1 1
oh-my-chat/src/utils/func_utils.go:5.53,7.31 2 0
oh-my-chat/src/utils/func_utils.go:7.31,8.16 1 0
oh-my-chat/src/utils/func_utils.go:8.16,10.4 1 0
oh-my-chat/src/utils/func_utils.go:13.2,13.15 1 0
oh-my-chat/src/utils/func_utils.go:17.51,18.31 1 0
oh-my-chat/src/utils/func_utils.go:18.31,19.16 1 0
oh-my-chat/src/utils/func_utils.go:19.16,21.4 1 0
oh-my-chat/src/utils/func_utils.go:23.2,23.14 1 0
oh-my-chat/src/utils/func_utils.go:26.56,28.32 2 1
oh-my-chat/src/utils/func_utils.go:28.32,30.3 1 0
oh-my-chat/src/utils/func_utils.go:32.2,32.17 1 1
oh-my-chat/src/utils/func_utils.go:35.52,38.2 2 0
oh-my-chat/src/utils/func_utils.go:40.57,41.38 1 0
oh-my-chat/src/utils/func_utils.go:41.38,43.3 1 0
oh-my-chat/src/utils/func_utils.go:44.2,44.14 1 0
oh-my-chat/src/utils/parse_tags.go:8.30,11.31 2 0
oh-my-chat/src/utils/parse_tags.go:11.31,13.3 1 0
oh-my-chat/src/utils/parse_tags.go:14.2,14.28 1 0
oh-my-chat/src/utils/parse_tags.go:17.50,19.18 1 0
oh-my-chat/src/utils/parse_tags.go:20.20,21.31 1 0
oh-my-chat/src/utils/parse_tags.go:23.78,24.30 1 0
oh-my-chat/src/utils/parse_tags.go:26.40,27.34 1 0
oh-my-chat/src/utils/parse_tags.go:29.19,30.41 1 0
oh-my-chat/src/utils/parse_tags.go:32.10,33.24 1 0
oh-my-chat/src/utils/parse_tags.go:38.42,40.31 2 0
oh-my-chat/src/utils/parse_tags.go:40.31,41.30 1 0
oh-my-chat/src/utils/parse_tags.go:42.15,43.42 1 0
oh-my-chat/src/utils/parse_tags.go:44.32,45.59 1 0
oh-my-chat/src/utils/parse_tags.go:46.25,47.63 1 0
oh-my-chat/src/utils/parse_tags.go:48.13,49.60 1 0
oh-my-chat/src/utils/parse_tags.go:50.11,50.11 0 0
oh-my-chat/src/utils/parse_tags.go:54.2,54.20 1 0
oh-my-chat/src/utils/parse_tags.go:57.48,59.29 2 0
oh-my-chat/src/utils/parse_tags.go:59.29,62.3 2 0
oh-my-chat/src/utils/parse_tags.go:63.2,63.10 1 0
oh-my-chat/src/utils/parse_tags.go:66.32,66.62 1 0
oh-my-chat/src/utils/parse_tags.go:68.36,68.86 1 0
oh-my-chat/src/utils/parse_tags.go:70.33,70.69 1 0
oh-my-chat/src/utils/strings.go:9.40,11.2 1 0
oh-my-chat/src/utils/strings.go:13.41,15.2 1 0
oh-my-chat/src/utils/strings.go:17.61,18.20 1 0
oh-my-chat/src/utils/strings.go:18.20,20.3 1 0
oh-my-chat/src/utils/strings.go:22.2,23.10 2 0
oh-my-chat/src/utils/strings.go:28.58,30.2 1 0
oh-my-chat/src/utils/strings.go:32.87,34.29 2 0
oh-my-chat/src/utils/strings.go:34.29,37.3 2 0
oh-my-chat/src/utils/strings.go:38.2,38.14 1 0
oh-my-chat/settings/env.go:8.32,11.16 2 0
oh-my-chat/settings/env.go:11.16,12.72 1 0
oh-my-chat/settings/env.go:14.2,14.12 1 0
oh-my-chat/settings/env.go:17.62,20.16 2 0
oh-my-chat/settings/env.go:20.16,22.3 1 0
oh-my-chat/settings/env.go:23.2,23.12 1 0
oh-my-chat/src/connector/telegram/connector.go:21.73,24.16 2 0
oh-my-chat/src/connector/telegram/connector.go:24.16,26.3 1 0
oh-my-chat/src/connector/telegram/connector.go:28.2,28.39 1 0
oh-my-chat/src/connector/telegram/connector.go:32.78,38.16 4 0
oh-my-chat/src/connector/telegram/connector.go:38.16,45.3 2 0
oh-my-chat/src/connector/telegram/connector.go:47.2,51.6 3 0
oh-my-chat/src/connector/telegram/connector.go:51.6,52.10 1 0
oh-my-chat/src/connector/telegram/connector.go:53.28,57.29 2 0
oh-my-chat/src/connector/telegram/connector.go:57.29,59.5 1 0
oh-my-chat/src/connector/telegram/connector.go:61.4,61.33 1 0
oh-my-chat/src/connector/telegram/connector.go:61.33,63.5 1 0
oh-my-chat/src/connector/telegram/connector.go:65.4,65.35 1 0
oh-my-chat/src/connector/telegram/connector.go:65.35,68.5 2 0
oh-my-chat/src/connector/telegram/connector.go:70.4,70.16 1 0
oh-my-chat/src/connector/telegram/connector.go:70.16,71.13 1 0
oh-my-chat/src/connector/telegram/connector.go:74.4,84.20 10 0
oh-my-chat/src/connector/telegram/connector.go:86.21,91.10 2 0
oh-my-chat/src/connector/telegram/connector.go:96.53,98.18 2 0
oh-my-chat/src/connector/telegram/connector.go:98.18,106.3 2 0
oh-my-chat/src/connector/telegram/connector.go:108.2,112.16 4 0
oh-my-chat/src/connector/telegram/connector.go:112.16,115.3 1 0
oh-my-chat/src/connector/telegram/connector.go:118.96,119.30 1 0
oh-my-chat/src/connector/telegram/connector.go:120.29,121.93 1 0
oh-my-chat/src/connector/telegram/connector.go:121.93,123.4 1 0
oh-my-chat/src/connector/telegram/connector.go:124.3,125.37 2 0
oh-my-chat/src/connector/telegram/connector.go:126.10,126.10 0 0
oh-my-chat/src/core/connector.go:17.49,19.2 1 0
oh-my-chat/src/core/connector.go:24.60,29.2 1 1
oh-my-chat/src/core/connector.go:36.98,38.9 2 1
oh-my-chat/src/core/connector.go:38.9,40.3 1 1
oh-my-chat/src/core/connector.go:42.2,42.26 1 1
oh-my-chat/src/core/connector.go:45.71,50.16 4 0
oh-my-chat/src/core/connector.go:50.16,55.3 1 0
oh-my-chat/src/core/connector.go:57.2,59.16 2 0
oh-my-chat/src/core/connector.go:59.16,64.3 1 0
oh-my-chat/src/core/connector.go:66.2,67.10 2 0
oh-my-chat/src/core/connector.go:70.91,72.2 1 1
oh-my-chat/src/core/connector.go:74.93,75.6 1 1
oh-my-chat/src/core/connector.go:75.6,76.10 1 1
oh-my-chat/src/core/connector.go:77.28,78.11 1 1
oh-my-chat/src/core/connector.go:78.11,80.5 1 0
oh-my-chat/src/core/connector.go:81.4,81.29 1 1
oh-my-chat/src/core/connector.go:82.21,83.10 1 1
oh-my-chat/src/core/guided_engine.go:25.30,27.2 1 1
oh-my-chat/src/core/guided_engine.go:29.35,31.2 1 1
oh-my-chat/src/core/guided_engine.go:45.16,53.2 1 1
oh-my-chat/src/core/guided_engine.go:55.41,57.2 1 1
oh-my-chat/src/core/guided_engine.go:59.49,61.41 1 1
oh-my-chat/src/core/guided_engine.go:61.41,62.26 1 1
oh-my-chat/src/core/guided_engine.go:62.26,65.4 2 1
oh-my-chat/src/core/guided_engine.go:66.3,67.34 2 1
oh-my-chat/src/core/guided_engine.go:67.34,69.4 1 1
oh-my-chat/src/core/guided_engine.go:70.3,71.9 2 1
oh-my-chat/src/core/guided_engine.go:74.2,74.25 1 1
oh-my-chat/src/core/guided_engine.go:74.25,75.53 1 1
oh-my-chat/src/core/guided_engine.go:75.53,78.4 2 1
oh-my-chat/src/core/guided_engine.go:79.3,80.22 2 1
oh-my-chat/src/core/guided_engine.go:80.22,81.49 1 1
oh-my-chat/src/core/guided_engine.go:81.49,84.5 2 1
oh-my-chat/src/core/guided_engine.go:85.4,85.33 1 1
oh-my-chat/src/core/guided_engine.go:85.33,87.5 1 1
oh-my-chat/src/core/guided_engine.go:88.4,88.33 1 1
oh-my-chat/src/core/guided_engine.go:94.62,95.24 1 1
oh-my-chat/src/core/guided_engine.go:95.24,97.3 1 0
oh-my-chat/src/core/guided_engine.go:98.2,98.26 1 1
oh-my-chat/src/core/guided_engine.go:101.59,102.25 1 1
oh-my-chat/src/core/guided_engine.go:102.25,104.3 1 0
oh-my-chat/src/core/guided_engine.go:106.2,108.28 2 1
oh-my-chat/src/core/guided_engine.go:108.28,110.3 1 1
oh-my-chat/src/core/guided_engine.go:112.2,112.31 1 1
oh-my-chat/src/core/guided_engine.go:112.31,114.29 2 1
oh-my-chat/src/core/guided_engine.go:114.29,116.4 1 1
oh-my-chat/src/core/guided_engine.go:119.2,119.12 1 1
oh-my-chat/src/core/guided_engine.go:122.73,123.25 1 1
oh-my-chat/src/core/guided_engine.go:123.25,125.3 1 1
oh-my-chat/src/core/guided_engine.go:127.2,128.30 2 1
oh-my-chat/src/core/guided_engine.go:128.30,129.20 1 1
oh-my-chat/src/core/guided_engine.go:129.20,132.4 2 1
oh-my-chat/src/core/guided_engine.go:133.3,133.9 1 1
oh-my-chat/src/core/guided_engine.go:136.2,136.11 1 1
oh-my-chat/src/core/guided_engine.go:140.44,143.50 3 0
oh-my-chat/src/core/guided_engine.go:143.50,146.3 2 0
oh-my-chat/src/core/guided_engine.go:147.2,147.12 1 0
oh-my-chat/src/core/guided_engine.go:154.43,156.2 1 1
oh-my-chat/src/core/guided_engine.go:158.50,160.2 1 1
oh-my-chat/src/core/guided_engine.go:162.62,163.19 1 1
oh-my-chat/src/core/guided_engine.go:163.19,166.3 2 1
oh-my-chat/src/core/guided_engine.go:168.2,169.10 2 1
oh-my-chat/src/core/guided_engine.go:172.54,173.19 1 1
oh-my-chat/src/core/guided_engine.go:173.19,175.3 1 0
oh-my-chat/src/core/guided_engine.go:177.2,177.31 1 1
oh-my-chat/src/core/guided_engine.go:205.25,211.2 1 1
oh-my-chat/src/core/guided_engine.go:213.47,215.2 1 0
oh-my-chat/src/core/guided_engine.go:217.64,219.16 2 1
oh-my-chat/src/core/guided_engine.go:219.16,221.3 1 0
oh-my-chat/src/core/guided_engine.go:223.2,226.12 4 1
oh-my-chat/src/core/guided_engine.go:229.40,231.31 1 1
oh-my-chat/src/core/guided_engine.go:231.31,233.3 1 1
oh-my-chat/src/core/guided_engine.go:235.2,235.67 1 1
oh-my-chat/src/core/guided_engine.go:235.67,242.3 2 0
oh-my-chat/src/core/guided_engine.go:246.69,248.20 1 1
oh-my-chat/src/core/guided_engine.go:248.20,251.18 2 1
oh-my-chat/src/core/guided_engine.go:251.18,254.4 2 1
oh-my-chat/src/core/guided_engine.go:255.3,256.9 2 1
oh-my-chat/src/core/guided_engine.go:259.2,259.23 1 1
oh-my-chat/src/core/guided_engine.go:263.79,265.2 1 1
oh-my-chat/src/core/guided_engine.go:267.46,269.2 1 0
oh-my-chat/src/core/guided_engine.go:271.98,273.14 1 1
oh-my-chat/src/core/guided_engine.go:273.14,279.3 5 1
oh-my-chat/src/core/guided_engine.go:281.2,283.34 2 1
oh-my-chat/src/core/guided_engine.go:283.34,287.3 3 1
oh-my-chat/src/core/guided_engine.go:289.2,290.55 2 1
oh-my-chat/src/core/guided_engine.go:290.55,295.3 1 1
oh-my-chat/src/core/guided_engine.go:297.2,301.21 5 1
oh-my-chat/src/core/processor.go:34.50,35.24 1 1
oh-my-chat/src/core/processor.go:35.24,36.27 1 1
oh-my-chat/src/core/processor.go:36.27,38.4 1 1
oh-my-chat/src/core/processor.go:40.2,40.12 1 1
oh-my-chat/src/core/processor.go:49.76,54.2 1 1
oh-my-chat/src/core/processor.go:60.3,61.6 1 1
oh-my-chat/src/core/processor.go:61.6,62.10 1 1
oh-my-chat/src/core/processor.go:63.34,64.11 1 1
oh-my-chat/src/core/processor.go:64.11,66.5 1 0
oh-my-chat/src/core/processor.go:67.4,67.24 1 1
oh-my-chat/src/core/processor.go:67.24,69.5 1 1
oh-my-chat/src/core/processor.go:71.4,71.40 1 1
oh-my-chat/src/core/processor.go:73.21,74.10 1 1
oh-my-chat/src/core/processor.go:80.86,81.22 1 1
oh-my-chat/src/core/processor.go:81.22,96.3 6 1
oh-my-chat/src/core/processor.go:98.2,100.19 2 1
oh-my-chat/src/core/processor.go:100.19,110.3 6 1
oh-my-chat/src/core/processor.go:112.2,112.23 1 1
oh-my-chat/src/core/processor.go:112.23,118.3 2 0
oh-my-chat/src/core/processor.go:120.2,122.35 2 1
oh-my-chat/src/logger/zap.go:12.26,14.13 1 1
oh-my-chat/src/logger/zap.go:15.20,16.30 1 0
oh-my-chat/src/logger/zap.go:17.17,18.24 1 1
oh-my-chat/src/logger/zap.go:19.10,20.31 1 0
oh-my-chat/src/logger/zap.go:24.38,32.2 6 0
oh-my-chat/src/logger/zap.go:34.37,59.2 5 0
oh-my-chat/src/models/bot.go:30.48,35.2 1 0
oh-my-chat/src/models/bot.go:52.60,57.2 1 0
oh-my-chat/src/models/bot.go:59.47,62.2 2 0
oh-my-chat/src/models/bot.go:64.46,66.2 1 0
oh-my-chat/src/models/bot.go:68.48,70.2 1 0
oh-my-chat/src/models/http.go:31.41,33.2 1 0
oh-my-chat/src/models/message.go:42.40,44.2 1 0
oh-my-chat/src/models/message.go:46.40,48.9 2 0
oh-my-chat/src/models/message.go:48.9,50.3 1 0
oh-my-chat/src/models/message.go:51.2,51.14 1 0
oh-my-chat/src/models/message.go:80.27,86.2 1 0
oh-my-chat/src/utils/func_utils.go:5.53,7.31 2 0
oh-my-chat/src/utils/func_utils.go:7.31,8.16 1 0
oh-my-chat/src/utils/func_utils.go:8.16,10.4 1 0
oh-my-chat/src/utils/func_utils.go:13.2,13.15 1 0
oh-my-chat/src/utils/func_utils.go:17.51,18.31 1 0
oh-my-chat/src/utils/func_utils.go:18.31,19.16 1 0
oh-my-chat/src/utils/func_utils.go:19.16,21.4 1 0
oh-my-chat/src/utils/func_utils.go:23.2,23.14 1 0
oh-my-chat/src/utils/func_utils.go:26.56,28.32 2 0
oh-my-chat/src/utils/func_utils.go:28.32,30.3 1 0
oh-my-chat/src/utils/func_utils.go:32.2,32.17 1 0
oh-my-chat/src/utils/func_utils.go:35.52,38.2 2 0
oh-my-chat/src/utils/func_utils.go:40.57,41.38 1 0
oh-my-chat/src/utils/func_utils.go:41.38,43.3 1 0
oh-my-chat/src/utils/func_utils.go:44.2,44.14 1 0
oh-my-chat/src/utils/parse_tags.go:8.30,11.31 2 0
oh-my-chat/src/utils/parse_tags.go:11.31,13.3 1 0
oh-my-chat/src/utils/parse_tags.go:14.2,14.28 1 0
oh-my-chat/src/utils/parse_tags.go:17.50,19.18 1 0
oh-my-chat/src/utils/parse_tags.go:20.20,21.31 1 0
oh-my-chat/src/utils/parse_tags.go:23.78,24.30 1 0
oh-my-chat/src/utils/parse_tags.go:26.40,27.34 1 0
oh-my-chat/src/utils/parse_tags.go:29.19,30.41 1 0
oh-my-chat/src/utils/parse_tags.go:32.10,33.24 1 0
oh-my-chat/src/utils/parse_tags.go:38.42,40.31 2 0
oh-my-chat/src/utils/parse_tags.go:40.31,41.30 1 0
oh-my-chat/src/utils/parse_tags.go:42.15,43.42 1 0
oh-my-chat/src/utils/parse_tags.go:44.32,45.59 1 0
oh-my-chat/src/utils/parse_tags.go:46.25,47.63 1 0
oh-my-chat/src/utils/parse_tags.go:48.13,49.60 1 0
oh-my-chat/src/utils/parse_tags.go:50.11,50.11 0 0
oh-my-chat/src/utils/parse_tags.go:54.2,54.20 1 0
oh-my-chat/src/utils/parse_tags.go:57.48,59.29 2 0
oh-my-chat/src/utils/parse_tags.go:59.29,62.3 2 0
oh-my-chat/src/utils/parse_tags.go:63.2,63.10 1 0
oh-my-chat/src/utils/parse_tags.go:66.32,66.62 1 0
oh-my-chat/src/utils/parse_tags.go:68.36,68.86 1 0
oh-my-chat/src/utils/parse_tags.go:70.33,70.69 1 0
oh-my-chat/src/utils/strings.go:9.40,11.2 1 0
oh-my-chat/src/utils/strings.go:13.41,15.2 1 0
oh-my-chat/src/utils/strings.go:17.61,18.20 1 0
oh-my-chat/src/utils/strings.go:18.20,20.3 1 0
oh-my-chat/src/utils/strings.go:22.2,23.10 2 0
oh-my-chat/src/utils/strings.go:28.58,30.2 1 0
oh-my-chat/src/utils/strings.go:32.87,34.29 2 0
oh-my-chat/src/utils/strings.go:34.29,37.3 2 0
oh-my-chat/src/utils/strings.go:38.2,38.14 1 0
oh-my-chat/settings/env.go:8.32,11.16 2 0
oh-my-chat/settings/env.go:11.16,12.72 1 0
oh-my-chat/settings/env.go:14.2,14.12 1 0
oh-my-chat/settings/env.go:17.62,20.16 2 0
oh-my-chat/settings/env.go:20.16,22.3 1 0
oh-my-chat/settings/env.go:23.2,23.12 1 0
oh-my-chat/src/connector/telegram/connector.go:21.73,24.16 2 0
oh-my-chat/src/connector/telegram/connector.go:24.16,26.3 1 0
oh-my-chat/src/connector/telegram/connector.go:28.2,28.39 1 0
oh-my-chat/src/connector/telegram/connector.go:32.78,38.16 4 0
oh-my-chat/src/connector/telegram/connector.go:38.16,45.3 2 0
oh-my-chat/src/connector/telegram/connector.go:47.2,51.6 3 0
oh-my-chat/src/connector/telegram/connector.go:51.6,52.10 1 0
oh-my-chat/src/connector/telegram/connector.go:53.28,57.29 2 0
oh-my-chat/src/connector/telegram/connector.go:57.29,59.5 1 0
oh-my-chat/src/connector/telegram/connector.go:61.4,61.33 1 0
oh-my-chat/src/connector/telegram/connector.go:61.33,63.5 1 0
oh-my-chat/src/connector/telegram/connector.go:65.4,65.35 1 0
oh-my-chat/src/connector/telegram/connector.go:65.35,68.5 2 0
oh-my-chat/src/connector/telegram/connector.go:70.4,70.16 1 0
oh-my-chat/src/connector/telegram/connector.go:70.16,71.13 1 0
oh-my-chat/src/connector/telegram/connector.go:74.4,84.20 10 0
oh-my-chat/src/connector/telegram/connector.go:86.21,91.10 2 0
oh-my-chat/src/connector/telegram/connector.go:96.53,98.18 2 0
oh-my-chat/src/connector/telegram/connector.go:98.18,106.3 2 0
oh-my-chat/src/connector/telegram/connector.go:108.2,112.16 4 0
oh-my-chat/src/connector/telegram/connector.go:112.16,115.3 1 0
oh-my-chat/src/connector/telegram/connector.go:118.96,119.30 1 0
oh-my-chat/src/connector/telegram/connector.go:120.29,121.93 1 0
oh-my-chat/src/connector/telegram/connector.go:121.93,123.4 1 0
oh-my-chat/src/connector/telegram/connector.go:124.3,125.37 2 0
oh-my-chat/src/connector/telegram/connector.go:126.10,126.10 0 0
oh-my-chat/src/logger/zap.go:12.26,14.13 1 1
oh-my-chat/src/logger/zap.go:15.20,16.30 1 0
oh-my-chat/src/logger/zap.go:17.17,18.24 1 1
oh-my-chat/src/logger/zap.go:19.10,20.31 1 0
oh-my-chat/src/logger/zap.go:24.38,32.2 6 0
oh-my-chat/src/logger/zap.go:34.37,59.2 5 0
oh-my-chat/src/models/bot.go:30.48,35.2 1 0
oh-my-chat/src/models/bot.go:52.60,57.2 1 0
oh-my-chat/src/models/bot.go:59.47,62.2 2 0
oh-my-chat/src/models/bot.go:64.46,66.2 1 0
oh-my-chat/src/models/bot.go:68.48,70.2 1 0
oh-my-chat/src/models/http.go:31.41,33.2 1 0
oh-my-chat/src/models/message.go:42.40,44.2 1 0
oh-my-chat/src/models/message.go:46.40,48.9 2 0
oh-my-chat/src/models/message.go:48.9,50.3 1 0
oh-my-chat/src/models/message.go:51.2,51.14 1 0
oh-my-chat/src/models/message.go:80.27,86.2 1 1
oh-my-chat/src/services/worker.go:22.83,23.6 1 1
oh-my-chat/src/services/worker.go:23.6,24.10 1 1
oh-my-chat/src/services/worker.go:25.21,26.10 1 1
oh-my-chat/src/services/worker.go:27.11,29.10 2 1
oh-my-chat/src/services/worker.go:29.10,31.5 1 1
oh-my-chat/src/services/worker.go:37.83,39.6 2 1
oh-my-chat/src/services/worker.go:39.6,40.10 1 1
oh-my-chat/src/services/worker.go:42.21,43.10 1 1
oh-my-chat/src/services/worker.go:45.31,47.18 2 1
oh-my-chat/src/services/worker.go:47.18,50.5 2 1
oh-my-chat/src/services/worker.go:51.4,54.33 3 1
oh-my-chat/src/services/worker.go:56.11,56.11 0 1
oh-my-chat/src/services/worker.go:61.90,71.12 7 1
oh-my-chat/src/services/worker.go:71.12,74.3 2 1
oh-my-chat/src/services/worker.go:76.2,77.37 2 1
oh-my-chat/src/services/worker.go:77.37,78.10 1 1
oh-my-chat/src/services/worker.go:78.10,81.4 2 1
oh-my-chat/src/services/worker.go:84.2,89.38 5 1
oh-my-chat/src/utils/func_utils.go:5.53,7.31 2 0
oh-my-chat/src/utils/func_utils.go:7.31,8.16 1 0
oh-my-chat/src/utils/func_utils.go:8.16,10.4 1 0
oh-my-chat/src/utils/func_utils.go:13.2,13.15 1 0
oh-my-chat/src/utils/func_utils.go:17.51,18.31 1 0
oh-my-chat/src/utils/func_utils.go:18.31,19.16 1 0
oh-my-chat/src/utils/func_utils.go:19.16,21.4 1 0
oh-my-chat/src/utils/func_utils.go:23.2,23.14 1 0
oh-my-chat/src/utils/func_utils.go:26.56,28.32 2 0
oh-my-chat/src/utils/func_utils.go:28.32,30.3 1 0
oh-my-chat/src/utils/func_utils.go:32.2,32.17 1 0
oh-my-chat/src/utils/func_utils.go:35.52,38.2 2 0
oh-my-chat/src/utils/func_utils.go:40.57,41.38 1 0
oh-my-chat/src/utils/func_utils.go:41.38,43.3 1 0
oh-my-chat/src/utils/func_utils.go:44.2,44.14 1 0
oh-my-chat/src/utils/parse_tags.go:8.30,11.31 2 0
oh-my-chat/src/utils/parse_tags.go:11.31,13.3 1 0
oh-my-chat/src/utils/parse_tags.go:14.2,14.28 1 0
oh-my-chat/src/utils/parse_tags.go:17.50,19.18 1 0
oh-my-chat/src/utils/parse_tags.go:20.20,21.31 1 0
oh-my-chat/src/utils/parse_tags.go:23.78,24.30 1 0
oh-my-chat/src/utils/parse_tags.go:26.40,27.34 1 0
oh-my-chat/src/utils/parse_tags.go:29.19,30.41 1 0
oh-my-chat/src/utils/parse_tags.go:32.10,33.24 1 0
oh-my-chat/src/utils/parse_tags.go:38.42,40.31 2 0
oh-my-chat/src/utils/parse_tags.go:40.31,41.30 1 0
oh-my-chat/src/utils/parse_tags.go:42.15,43.42 1 0
oh-my-chat/src/utils/parse_tags.go:44.32,45.59 1 0
oh-my-chat/src/utils/parse_tags.go:46.25,47.63 1 0
oh-my-chat/src/utils/parse_tags.go:48.13,49.60 1 0
oh-my-chat/src/utils/parse_tags.go:50.11,50.11 0 0
oh-my-chat/src/utils/parse_tags.go:54.2,54.20 1 0
oh-my-chat/src/utils/parse_tags.go:57.48,59.29 2 0
oh-my-chat/src/utils/parse_tags.go:59.29,62.3 2 0
oh-my-chat/src/utils/parse_tags.go:63.2,63.10 1 0
oh-my-chat/src/utils/parse_tags.go:66.32,66.62 1 0
oh-my-chat/src/utils/parse_tags.go:68.36,68.86 1 0
oh-my-chat/src/utils/parse_tags.go:70.33,70.69 1 0
oh-my-chat/src/utils/strings.go:9.40,11.2 1 0
oh-my-chat/src/utils/strings.go:13.41,15.2 1 0
oh-my-chat/src/utils/strings.go:17.61,18.20 1 0
oh-my-chat/src/utils/strings.go:18.20,20.3 1 0
oh-my-chat/src/utils/strings.go:22.2,23.10 2 0
oh-my-chat/src/utils/strings.go:28.58,30.2 1 0
oh-my-chat/src/utils/strings.go:32.87,34.29 2 0
oh-my-chat/src/utils/strings.go:34.29,37.3 2 0
oh-my-chat/src/utils/strings.go:38.2,38.14 1 0
